


Banco de dados: DJTest 
Principais relatores:
TODOS
Collection: stf_pr_1_acordaos_80 

Number of decisions in DB: 73659
Number of decisions been pointed (links): 111278
Decisions from DB used in calculations 157967 + REMOVED DECISIONS 0 (157967) = total decisions from DB 73659 



Banco de dados: DJTest 
Principais relatores:
TODOS
Collection: stf_pr_1_acordaos_80 

Number of decisions in DB: 73659
Number of decisions been pointed (links): 111278
Decisions from DB used in calculations 157967 + REMOVED DECISIONS 0 (157967) = total decisions from DB 73659 
calculated page rank in iteration 1 in 12453 seconds
Time to insert nodes 8
Number of decisions in DB: 73659
Number of decisions been pointed (links): 63678
Decisions from DB used in calculations 125383 + REMOVED DECISIONS 14732 (140115) = total decisions from DB 73659 
calculated page rank in iteration 2 in 28605 seconds
Time to insert nodes 7
Number of decisions in DB: 73659
Number of decisions been pointed (links): 73712
Decisions from DB used in calculations 126116 + REMOVED DECISIONS 14732 (140848) = total decisions from DB 73659 
calculated page rank in iteration 3 in 10747 seconds
Time to insert nodes 7
Number of decisions in DB: 73659
Number of decisions been pointed (links): 70939
Decisions from DB used in calculations 127236 + REMOVED DECISIONS 14732 (141968) = total decisions from DB 73659 
calculated page rank in iteration 4 in 11234 seconds
Time to insert nodes 7
Number of decisions in DB: 73659
Number of decisions been pointed (links): 70745
Decisions from DB used in calculations 126042 + REMOVED DECISIONS 14732 (140774) = total decisions from DB 73659 
calculated page rank in iteration 5 in 7827 seconds
Time to insert nodes 7
Number of decisions in DB: 73659
Number of decisions been pointed (links): 72408
Decisions from DB used in calculations 125676 + REMOVED DECISIONS 14732 (140408) = total decisions from DB 73659 
calculated page rank in iteration 6 in 16552 seconds
Time to insert nodes 8
Number of decisions in DB: 73659
Number of decisions been pointed (links): 74314
Decisions from DB used in calculations 126735 + REMOVED DECISIONS 14732 (141467) = total decisions from DB 73659 
calculated page rank in iteration 7 in 12924 seconds
Time to insert nodes 7
Number of decisions in DB: 73659
Number of decisions been pointed (links): 66190
Decisions from DB used in calculations 126022 + REMOVED DECISIONS 14732 (140754) = total decisions from DB 73659 
calculated page rank in iteration 8 in 10124 seconds
Time to insert nodes 7
Number of decisions in DB: 73659
Number of decisions been pointed (links): 74773
Decisions from DB used in calculations 126678 + REMOVED DECISIONS 14732 (141410) = total decisions from DB 73659 
calculated page rank in iteration 9 in 9437 seconds
Time to insert nodes 8
Number of decisions in DB: 73659
Number of decisions been pointed (links): 71551
Decisions from DB used in calculations 126303 + REMOVED DECISIONS 14732 (141035) = total decisions from DB 73659 
calculated page rank in iteration 10 in 14141 seconds
Time to insert nodes 7



Banco de dados: DJTest 
Principais relatores:
TODOS
Collection: stf_pr_2_acordaos_80 

Number of decisions in DB: 73659
Number of decisions been pointed (links): 111278
Decisions from DB used in calculations 157967 + REMOVED DECISIONS 0 (157967) = total decisions from DB 73659 
calculated page rank in iteration 1 in 12218 seconds
Time to insert nodes 8
Number of decisions in DB: 73659
Number of decisions been pointed (links): 73205
Decisions from DB used in calculations 125674 + REMOVED DECISIONS 14732 (140406) = total decisions from DB 73659 
calculated page rank in iteration 2 in 17042 seconds
Time to insert nodes 7
Number of decisions in DB: 73659
Number of decisions been pointed (links): 63925
Decisions from DB used in calculations 125943 + REMOVED DECISIONS 14732 (140675) = total decisions from DB 73659 
calculated page rank in iteration 3 in 10131 seconds
Time to insert nodes 7
Number of decisions in DB: 73659
Number of decisions been pointed (links): 72950
Decisions from DB used in calculations 125813 + REMOVED DECISIONS 14732 (140545) = total decisions from DB 73659 
calculated page rank in iteration 4 in 56055 seconds
Time to insert nodes 7
Number of decisions in DB: 73659
Number of decisions been pointed (links): 72766
Decisions from DB used in calculations 126263 + REMOVED DECISIONS 14732 (140995) = total decisions from DB 73659 
calculated page rank in iteration 5 in 11890 seconds
Time to insert nodes 7
Number of decisions in DB: 73659
Number of decisions been pointed (links): 71808
Decisions from DB used in calculations 124389 + REMOVED DECISIONS 14732 (139121) = total decisions from DB 73659 
calculated page rank in iteration 6 in 24571 seconds
Time to insert nodes 7
Number of decisions in DB: 73659
Number of decisions been pointed (links): 74197
Decisions from DB used in calculations 125373 + REMOVED DECISIONS 14732 (140105) = total decisions from DB 73659 
calculated page rank in iteration 7 in 10295 seconds
Time to insert nodes 7
Number of decisions in DB: 73659
Number of decisions been pointed (links): 70594
Decisions from DB used in calculations 126090 + REMOVED DECISIONS 14732 (140822) = total decisions from DB 73659 
calculated page rank in iteration 8 in 22778 seconds
Time to insert nodes 7
Number of decisions in DB: 73659
Number of decisions been pointed (links): 62366
Decisions from DB used in calculations 125006 + REMOVED DECISIONS 14732 (139738) = total decisions from DB 73659 
calculated page rank in iteration 9 in 8681 seconds
Time to insert nodes 7
Number of decisions in DB: 73659
Number of decisions been pointed (links): 74911
Decisions from DB used in calculations 124849 + REMOVED DECISIONS 14732 (139581) = total decisions from DB 73659 
calculated page rank in iteration 10 in 11995 seconds
Time to insert nodes 7



Banco de dados: DJTest 
Principais relatores:
TODOS
Collection: stf_pr_1_acordaos_70 

Number of decisions in DB: 73659
Number of decisions been pointed (links): 111278
Decisions from DB used in calculations 157967 + REMOVED DECISIONS 0 (157967) = total decisions from DB 73659 
calculated page rank in iteration 1 in 11839 seconds
Time to insert nodes 8
Number of decisions in DB: 73659
Number of decisions been pointed (links): 56085
Decisions from DB used in calculations 108409 + REMOVED DECISIONS 22098 (130507) = total decisions from DB 73659 
calculated page rank in iteration 2 in 14132 seconds
Time to insert nodes 6
Number of decisions in DB: 73659
Number of decisions been pointed (links): 57905
Decisions from DB used in calculations 109745 + REMOVED DECISIONS 22098 (131843) = total decisions from DB 73659 
calculated page rank in iteration 3 in 8642 seconds
Time to insert nodes 6
Number of decisions in DB: 73659
Number of decisions been pointed (links): 55315
Decisions from DB used in calculations 110053 + REMOVED DECISIONS 22098 (132151) = total decisions from DB 73659 
calculated page rank in iteration 4 in 10861 seconds
Time to insert nodes 6
Number of decisions in DB: 73659
Number of decisions been pointed (links): 56523
Decisions from DB used in calculations 110461 + REMOVED DECISIONS 22098 (132559) = total decisions from DB 73659 
calculated page rank in iteration 5 in 6487 seconds
Time to insert nodes 6
Number of decisions in DB: 73659
Number of decisions been pointed (links): 51015
Decisions from DB used in calculations 110333 + REMOVED DECISIONS 22098 (132431) = total decisions from DB 73659 
calculated page rank in iteration 6 in 14685 seconds
Time to insert nodes 6
Number of decisions in DB: 73659
Number of decisions been pointed (links): 55242
Decisions from DB used in calculations 110207 + REMOVED DECISIONS 22098 (132305) = total decisions from DB 73659 
calculated page rank in iteration 7 in 14718 seconds
Time to insert nodes 6
Number of decisions in DB: 73659
Number of decisions been pointed (links): 48059
Decisions from DB used in calculations 109650 + REMOVED DECISIONS 22098 (131748) = total decisions from DB 73659 
calculated page rank in iteration 8 in 16546 seconds
Time to insert nodes 6
Number of decisions in DB: 73659
Number of decisions been pointed (links): 55802
Decisions from DB used in calculations 109174 + REMOVED DECISIONS 22098 (131272) = total decisions from DB 73659 
calculated page rank in iteration 9 in 10063 seconds
Time to insert nodes 7
Number of decisions in DB: 73659
Number of decisions been pointed (links): 48182
Decisions from DB used in calculations 110947 + REMOVED DECISIONS 22098 (133045) = total decisions from DB 73659 
calculated page rank in iteration 10 in 18432 seconds
Time to insert nodes 6



Banco de dados: DJTest 
Principais relatores:
TODOS
Collection: stf_pr_2_acordaos_70 

Number of decisions in DB: 73659
Number of decisions been pointed (links): 111278
Decisions from DB used in calculations 157967 + REMOVED DECISIONS 0 (157967) = total decisions from DB 73659 
calculated page rank in iteration 1 in 12013 seconds
Time to insert nodes 9
Number of decisions in DB: 73659
Number of decisions been pointed (links): 58047
Decisions from DB used in calculations 109723 + REMOVED DECISIONS 22098 (131821) = total decisions from DB 73659 
calculated page rank in iteration 2 in 6480 seconds
Time to insert nodes 6
Number of decisions in DB: 73659
Number of decisions been pointed (links): 57132
Decisions from DB used in calculations 109433 + REMOVED DECISIONS 22098 (131531) = total decisions from DB 73659 
calculated page rank in iteration 3 in 7090 seconds
Time to insert nodes 6
Number of decisions in DB: 73659
Number of decisions been pointed (links): 54844
Decisions from DB used in calculations 109186 + REMOVED DECISIONS 22098 (131284) = total decisions from DB 73659 
calculated page rank in iteration 4 in 6728 seconds
Time to insert nodes 6
Number of decisions in DB: 73659
Number of decisions been pointed (links): 48842
Decisions from DB used in calculations 108482 + REMOVED DECISIONS 22098 (130580) = total decisions from DB 73659 
calculated page rank in iteration 5 in 7970 seconds
Time to insert nodes 6
Number of decisions in DB: 73659
Number of decisions been pointed (links): 57235
Decisions from DB used in calculations 108800 + REMOVED DECISIONS 22098 (130898) = total decisions from DB 73659 
calculated page rank in iteration 6 in 8130 seconds
Time to insert nodes 6
Number of decisions in DB: 73659
Number of decisions been pointed (links): 51679
Decisions from DB used in calculations 110853 + REMOVED DECISIONS 22098 (132951) = total decisions from DB 73659 
calculated page rank in iteration 7 in 12478 seconds
Time to insert nodes 7
Number of decisions in DB: 73659
Number of decisions been pointed (links): 56244
Decisions from DB used in calculations 110804 + REMOVED DECISIONS 22098 (132902) = total decisions from DB 73659 
calculated page rank in iteration 8 in 22486 seconds
Time to insert nodes 6
Number of decisions in DB: 73659
Number of decisions been pointed (links): 57812
Decisions from DB used in calculations 110533 + REMOVED DECISIONS 22098 (132631) = total decisions from DB 73659 
calculated page rank in iteration 9 in 12536 seconds
Time to insert nodes 6
Number of decisions in DB: 73659
Number of decisions been pointed (links): 50105
Decisions from DB used in calculations 110264 + REMOVED DECISIONS 22098 (132362) = total decisions from DB 73659 
calculated page rank in iteration 10 in 7922 seconds
Time to insert nodes 6



Banco de dados: DJTest 
Principais relatores:
CÁRMEN LÚCIA
MARCO AURÉLIO
GILMAR MENDES
DIAS TOFFOLI
RICARDO LEWANDOWSKI
ELLEN GRACIE
LUIZ FUX
JOAQUIM BARBOSA
CEZAR PELUSO
EROS GRAU
Collection: stf_pr_1_acordaos_90_rel_1 

Number of decisions in DB: 7186
Number of decisions been pointed (links): 1394
Decisions from DB used in calculations 15575 + REMOVED DECISIONS 0 (15575) = total decisions from DB 7186 
calculated page rank in iteration 1 in 2 seconds
Time to insert nodes 0
Number of decisions in DB: 7186
Number of decisions been pointed (links): 1166
Decisions from DB used in calculations 13942 + REMOVED DECISIONS 719 (14661) = total decisions from DB 7186 
calculated page rank in iteration 2 in 2 seconds
Time to insert nodes 0
Number of decisions in DB: 7186
Number of decisions been pointed (links): 1232
Decisions from DB used in calculations 14149 + REMOVED DECISIONS 719 (14868) = total decisions from DB 7186 
calculated page rank in iteration 3 in 1 seconds
Time to insert nodes 0
Number of decisions in DB: 7186
Number of decisions been pointed (links): 1157
Decisions from DB used in calculations 14076 + REMOVED DECISIONS 719 (14795) = total decisions from DB 7186 
calculated page rank in iteration 4 in 2 seconds
Time to insert nodes 0
Number of decisions in DB: 7186
Number of decisions been pointed (links): 1189
Decisions from DB used in calculations 14039 + REMOVED DECISIONS 719 (14758) = total decisions from DB 7186 
calculated page rank in iteration 5 in 2 seconds
Time to insert nodes 0
Number of decisions in DB: 7186
Number of decisions been pointed (links): 1059
Decisions from DB used in calculations 14149 + REMOVED DECISIONS 719 (14868) = total decisions from DB 7186 
calculated page rank in iteration 6 in 1 seconds
Time to insert nodes 0
Number of decisions in DB: 7186
Number of decisions been pointed (links): 1024
Decisions from DB used in calculations 13892 + REMOVED DECISIONS 719 (14611) = total decisions from DB 7186 
calculated page rank in iteration 7 in 1 seconds
Time to insert nodes 0
Number of decisions in DB: 7186
Number of decisions been pointed (links): 1147
Decisions from DB used in calculations 14001 + REMOVED DECISIONS 719 (14720) = total decisions from DB 7186 
calculated page rank in iteration 8 in 2 seconds
Time to insert nodes 0
Number of decisions in DB: 7186
Number of decisions been pointed (links): 1133
Decisions from DB used in calculations 13915 + REMOVED DECISIONS 719 (14634) = total decisions from DB 7186 
calculated page rank in iteration 9 in 2 seconds
Time to insert nodes 0
Number of decisions in DB: 7186
Number of decisions been pointed (links): 1104
Decisions from DB used in calculations 14161 + REMOVED DECISIONS 719 (14880) = total decisions from DB 7186 
calculated page rank in iteration 10 in 2 seconds
Time to insert nodes 0
Collection: stf_pr_1_acordaos_90_rel_2 

Number of decisions in DB: 6227
Number of decisions been pointed (links): 1832
Decisions from DB used in calculations 5215 + REMOVED DECISIONS 0 (5215) = total decisions from DB 6227 
calculated page rank in iteration 1 in 5 seconds
Time to insert nodes 0
Number of decisions in DB: 6227
Number of decisions been pointed (links): 1544
Decisions from DB used in calculations 4813 + REMOVED DECISIONS 623 (5436) = total decisions from DB 6227 
calculated page rank in iteration 2 in 4 seconds
Time to insert nodes 0
Number of decisions in DB: 6227
Number of decisions been pointed (links): 1630
Decisions from DB used in calculations 4778 + REMOVED DECISIONS 623 (5401) = total decisions from DB 6227 
calculated page rank in iteration 3 in 1 seconds
Time to insert nodes 0
Number of decisions in DB: 6227
Number of decisions been pointed (links): 1589
Decisions from DB used in calculations 4747 + REMOVED DECISIONS 623 (5370) = total decisions from DB 6227 
calculated page rank in iteration 4 in 1 seconds
Time to insert nodes 0
Number of decisions in DB: 6227
Number of decisions been pointed (links): 1683
Decisions from DB used in calculations 4749 + REMOVED DECISIONS 623 (5372) = total decisions from DB 6227 
calculated page rank in iteration 5 in 5 seconds
Time to insert nodes 0
Number of decisions in DB: 6227
Number of decisions been pointed (links): 1593
Decisions from DB used in calculations 4777 + REMOVED DECISIONS 623 (5400) = total decisions from DB 6227 
calculated page rank in iteration 6 in 3 seconds
Time to insert nodes 0
Number of decisions in DB: 6227
Number of decisions been pointed (links): 1672
Decisions from DB used in calculations 4743 + REMOVED DECISIONS 623 (5366) = total decisions from DB 6227 
calculated page rank in iteration 7 in 5 seconds
Time to insert nodes 0
Number of decisions in DB: 6227
Number of decisions been pointed (links): 1625
Decisions from DB used in calculations 4759 + REMOVED DECISIONS 623 (5382) = total decisions from DB 6227 
calculated page rank in iteration 8 in 4 seconds
Time to insert nodes 0
Number of decisions in DB: 6227
Number of decisions been pointed (links): 1512
Decisions from DB used in calculations 4679 + REMOVED DECISIONS 623 (5302) = total decisions from DB 6227 
calculated page rank in iteration 9 in 5 seconds
Time to insert nodes 0
Number of decisions in DB: 6227
Number of decisions been pointed (links): 1640
Decisions from DB used in calculations 4709 + REMOVED DECISIONS 623 (5332) = total decisions from DB 6227 
calculated page rank in iteration 10 in 4 seconds
Time to insert nodes 0
Collection: stf_pr_1_acordaos_90_rel_3 

Number of decisions in DB: 5823
Number of decisions been pointed (links): 3088
Decisions from DB used in calculations 12193 + REMOVED DECISIONS 0 (12193) = total decisions from DB 5823 
calculated page rank in iteration 1 in 2 seconds
Time to insert nodes 0
Number of decisions in DB: 5823
Number of decisions been pointed (links): 2487
Decisions from DB used in calculations 10805 + REMOVED DECISIONS 583 (11388) = total decisions from DB 5823 
calculated page rank in iteration 2 in 1 seconds
Time to insert nodes 0
Number of decisions in DB: 5823
Number of decisions been pointed (links): 2579
Decisions from DB used in calculations 11016 + REMOVED DECISIONS 583 (11599) = total decisions from DB 5823 
calculated page rank in iteration 3 in 2 seconds
Time to insert nodes 0
Number of decisions in DB: 5823
Number of decisions been pointed (links): 2722
Decisions from DB used in calculations 10968 + REMOVED DECISIONS 583 (11551) = total decisions from DB 5823 
calculated page rank in iteration 4 in 1 seconds
Time to insert nodes 0
Number of decisions in DB: 5823
Number of decisions been pointed (links): 2723
Decisions from DB used in calculations 11021 + REMOVED DECISIONS 583 (11604) = total decisions from DB 5823 
calculated page rank in iteration 5 in 1 seconds
Time to insert nodes 0
Number of decisions in DB: 5823
Number of decisions been pointed (links): 2705
Decisions from DB used in calculations 11019 + REMOVED DECISIONS 583 (11602) = total decisions from DB 5823 
calculated page rank in iteration 6 in 1 seconds
Time to insert nodes 0
Number of decisions in DB: 5823
Number of decisions been pointed (links): 2732
Decisions from DB used in calculations 11142 + REMOVED DECISIONS 583 (11725) = total decisions from DB 5823 
calculated page rank in iteration 7 in 1 seconds
Time to insert nodes 0
Number of decisions in DB: 5823
Number of decisions been pointed (links): 2659
Decisions from DB used in calculations 11046 + REMOVED DECISIONS 583 (11629) = total decisions from DB 5823 
calculated page rank in iteration 8 in 2 seconds
Time to insert nodes 0
Number of decisions in DB: 5823
Number of decisions been pointed (links): 2595
Decisions from DB used in calculations 10913 + REMOVED DECISIONS 583 (11496) = total decisions from DB 5823 
calculated page rank in iteration 9 in 1 seconds
Time to insert nodes 0
Number of decisions in DB: 5823
Number of decisions been pointed (links): 2856
Decisions from DB used in calculations 10826 + REMOVED DECISIONS 583 (11409) = total decisions from DB 5823 
calculated page rank in iteration 10 in 1 seconds
Time to insert nodes 0
Collection: stf_pr_1_acordaos_90_rel_4 

Number of decisions in DB: 5184
Number of decisions been pointed (links): 912
Decisions from DB used in calculations 9263 + REMOVED DECISIONS 0 (9263) = total decisions from DB 5184 
calculated page rank in iteration 1 in 1 seconds
Time to insert nodes 0
Number of decisions in DB: 5184
Number of decisions been pointed (links): 699
Decisions from DB used in calculations 8314 + REMOVED DECISIONS 519 (8833) = total decisions from DB 5184 
calculated page rank in iteration 2 in 1 seconds
Time to insert nodes 0
Number of decisions in DB: 5184
Number of decisions been pointed (links): 748
Decisions from DB used in calculations 8378 + REMOVED DECISIONS 519 (8897) = total decisions from DB 5184 
calculated page rank in iteration 3 in 1 seconds
Time to insert nodes 0
Number of decisions in DB: 5184
Number of decisions been pointed (links): 751
Decisions from DB used in calculations 8374 + REMOVED DECISIONS 519 (8893) = total decisions from DB 5184 
calculated page rank in iteration 4 in 1 seconds
Time to insert nodes 0
Number of decisions in DB: 5184
Number of decisions been pointed (links): 716
Decisions from DB used in calculations 8302 + REMOVED DECISIONS 519 (8821) = total decisions from DB 5184 
calculated page rank in iteration 5 in 1 seconds
Time to insert nodes 0
Number of decisions in DB: 5184
Number of decisions been pointed (links): 784
Decisions from DB used in calculations 8304 + REMOVED DECISIONS 519 (8823) = total decisions from DB 5184 
calculated page rank in iteration 6 in 1 seconds
Time to insert nodes 0
Number of decisions in DB: 5184
Number of decisions been pointed (links): 751
Decisions from DB used in calculations 8217 + REMOVED DECISIONS 519 (8736) = total decisions from DB 5184 
calculated page rank in iteration 7 in 1 seconds
Time to insert nodes 0
Number of decisions in DB: 5184
Number of decisions been pointed (links): 739
Decisions from DB used in calculations 8256 + REMOVED DECISIONS 519 (8775) = total decisions from DB 5184 
calculated page rank in iteration 8 in 1 seconds
Time to insert nodes 0
Number of decisions in DB: 5184
Number of decisions been pointed (links): 744
Decisions from DB used in calculations 8319 + REMOVED DECISIONS 519 (8838) = total decisions from DB 5184 
calculated page rank in iteration 9 in 1 seconds
Time to insert nodes 0
Number of decisions in DB: 5184
Number of decisions been pointed (links): 746
Decisions from DB used in calculations 8302 + REMOVED DECISIONS 519 (8821) = total decisions from DB 5184 
calculated page rank in iteration 10 in 1 seconds
Time to insert nodes 0
Collection: stf_pr_1_acordaos_90_rel_5 

Number of decisions in DB: 4842
Number of decisions been pointed (links): 875
Decisions from DB used in calculations 8767 + REMOVED DECISIONS 0 (8767) = total decisions from DB 4842 
calculated page rank in iteration 1 in 1 seconds
Time to insert nodes 0
Number of decisions in DB: 4842
Number of decisions been pointed (links): 762
Decisions from DB used in calculations 7876 + REMOVED DECISIONS 485 (8361) = total decisions from DB 4842 
calculated page rank in iteration 2 in 0 seconds
Time to insert nodes 0
Number of decisions in DB: 4842
Number of decisions been pointed (links): 763
Decisions from DB used in calculations 7823 + REMOVED DECISIONS 485 (8308) = total decisions from DB 4842 
calculated page rank in iteration 3 in 0 seconds
Time to insert nodes 0
Number of decisions in DB: 4842
Number of decisions been pointed (links): 748
Decisions from DB used in calculations 8009 + REMOVED DECISIONS 485 (8494) = total decisions from DB 4842 
calculated page rank in iteration 4 in 0 seconds
Time to insert nodes 0
Number of decisions in DB: 4842
Number of decisions been pointed (links): 755
Decisions from DB used in calculations 7996 + REMOVED DECISIONS 485 (8481) = total decisions from DB 4842 
calculated page rank in iteration 5 in 0 seconds
Time to insert nodes 0
Number of decisions in DB: 4842
Number of decisions been pointed (links): 735
Decisions from DB used in calculations 7970 + REMOVED DECISIONS 485 (8455) = total decisions from DB 4842 
calculated page rank in iteration 6 in 0 seconds
Time to insert nodes 0
Number of decisions in DB: 4842
Number of decisions been pointed (links): 673
Decisions from DB used in calculations 8023 + REMOVED DECISIONS 485 (8508) = total decisions from DB 4842 
calculated page rank in iteration 7 in 0 seconds
Time to insert nodes 0
Number of decisions in DB: 4842
Number of decisions been pointed (links): 767
Decisions from DB used in calculations 7775 + REMOVED DECISIONS 485 (8260) = total decisions from DB 4842 
calculated page rank in iteration 8 in 0 seconds
Time to insert nodes 0
Number of decisions in DB: 4842
Number of decisions been pointed (links): 695
Decisions from DB used in calculations 7928 + REMOVED DECISIONS 485 (8413) = total decisions from DB 4842 
calculated page rank in iteration 9 in 0 seconds
Time to insert nodes 0
Number of decisions in DB: 4842
Number of decisions been pointed (links): 711
Decisions from DB used in calculations 7856 + REMOVED DECISIONS 485 (8341) = total decisions from DB 4842 
calculated page rank in iteration 10 in 0 seconds
Time to insert nodes 0
Collection: stf_pr_1_acordaos_90_rel_6 

Number of decisions in DB: 4748
Number of decisions been pointed (links): 288
Decisions from DB used in calculations 10074 + REMOVED DECISIONS 0 (10074) = total decisions from DB 4748 
calculated page rank in iteration 1 in 1 seconds
Time to insert nodes 0
Number of decisions in DB: 4748
Number of decisions been pointed (links): 259
Decisions from DB used in calculations 9069 + REMOVED DECISIONS 475 (9544) = total decisions from DB 4748 
calculated page rank in iteration 2 in 1 seconds
Time to insert nodes 0
Number of decisions in DB: 4748
Number of decisions been pointed (links): 262
Decisions from DB used in calculations 9040 + REMOVED DECISIONS 475 (9515) = total decisions from DB 4748 
calculated page rank in iteration 3 in 1 seconds
Time to insert nodes 0
Number of decisions in DB: 4748
Number of decisions been pointed (links): 225
Decisions from DB used in calculations 9095 + REMOVED DECISIONS 475 (9570) = total decisions from DB 4748 
calculated page rank in iteration 4 in 1 seconds
Time to insert nodes 0
Number of decisions in DB: 4748
Number of decisions been pointed (links): 241
Decisions from DB used in calculations 8910 + REMOVED DECISIONS 475 (9385) = total decisions from DB 4748 
calculated page rank in iteration 5 in 0 seconds
Time to insert nodes 0
Number of decisions in DB: 4748
Number of decisions been pointed (links): 221
Decisions from DB used in calculations 8999 + REMOVED DECISIONS 475 (9474) = total decisions from DB 4748 
calculated page rank in iteration 6 in 1 seconds
Time to insert nodes 0
Number of decisions in DB: 4748
Number of decisions been pointed (links): 243
Decisions from DB used in calculations 8981 + REMOVED DECISIONS 475 (9456) = total decisions from DB 4748 
calculated page rank in iteration 7 in 0 seconds
Time to insert nodes 0
Number of decisions in DB: 4748
Number of decisions been pointed (links): 251
Decisions from DB used in calculations 8991 + REMOVED DECISIONS 475 (9466) = total decisions from DB 4748 
calculated page rank in iteration 8 in 1 seconds
Time to insert nodes 0
Number of decisions in DB: 4748
Number of decisions been pointed (links): 226
Decisions from DB used in calculations 9054 + REMOVED DECISIONS 475 (9529) = total decisions from DB 4748 
calculated page rank in iteration 9 in 1 seconds
Time to insert nodes 0
Number of decisions in DB: 4748
Number of decisions been pointed (links): 235
Decisions from DB used in calculations 9199 + REMOVED DECISIONS 475 (9674) = total decisions from DB 4748 
calculated page rank in iteration 10 in 1 seconds
Time to insert nodes 0
Collection: stf_pr_1_acordaos_90_rel_7 

Number of decisions in DB: 3425
Number of decisions been pointed (links): 411
Decisions from DB used in calculations 5911 + REMOVED DECISIONS 0 (5911) = total decisions from DB 3425 
calculated page rank in iteration 1 in 1635 seconds
Time to insert nodes 0
Number of decisions in DB: 3425
Number of decisions been pointed (links): 356
Decisions from DB used in calculations 5318 + REMOVED DECISIONS 343 (5661) = total decisions from DB 3425 
calculated page rank in iteration 2 in 1161 seconds
Time to insert nodes 0
Number of decisions in DB: 3425
Number of decisions been pointed (links): 330
Decisions from DB used in calculations 5309 + REMOVED DECISIONS 343 (5652) = total decisions from DB 3425 
calculated page rank in iteration 3 in 1227 seconds
Time to insert nodes 0
Number of decisions in DB: 3425
Number of decisions been pointed (links): 331
Decisions from DB used in calculations 5313 + REMOVED DECISIONS 343 (5656) = total decisions from DB 3425 
calculated page rank in iteration 4 in 1230 seconds
Time to insert nodes 0
Number of decisions in DB: 3425
Number of decisions been pointed (links): 350
Decisions from DB used in calculations 5334 + REMOVED DECISIONS 343 (5677) = total decisions from DB 3425 
calculated page rank in iteration 5 in 0 seconds
Time to insert nodes 0
Number of decisions in DB: 3425
Number of decisions been pointed (links): 274
Decisions from DB used in calculations 5266 + REMOVED DECISIONS 343 (5609) = total decisions from DB 3425 
calculated page rank in iteration 6 in 1321 seconds
Time to insert nodes 0
Number of decisions in DB: 3425
Number of decisions been pointed (links): 333
Decisions from DB used in calculations 5320 + REMOVED DECISIONS 343 (5663) = total decisions from DB 3425 
calculated page rank in iteration 7 in 0 seconds
Time to insert nodes 0
Number of decisions in DB: 3425
Number of decisions been pointed (links): 332
Decisions from DB used in calculations 5329 + REMOVED DECISIONS 343 (5672) = total decisions from DB 3425 
calculated page rank in iteration 8 in 0 seconds
Time to insert nodes 0
Number of decisions in DB: 3425
Number of decisions been pointed (links): 333
Decisions from DB used in calculations 5319 + REMOVED DECISIONS 343 (5662) = total decisions from DB 3425 
calculated page rank in iteration 9 in 1263 seconds
Time to insert nodes 0
Number of decisions in DB: 3425
Number of decisions been pointed (links): 332
Decisions from DB used in calculations 5345 + REMOVED DECISIONS 343 (5688) = total decisions from DB 3425 
calculated page rank in iteration 10 in 1331 seconds
Time to insert nodes 0
Collection: stf_pr_1_acordaos_90_rel_8 

Number of decisions in DB: 3339
Number of decisions been pointed (links): 248
Decisions from DB used in calculations 7376 + REMOVED DECISIONS 0 (7376) = total decisions from DB 3339 
calculated page rank in iteration 1 in 3261 seconds
Time to insert nodes 0
Number of decisions in DB: 3339
Number of decisions been pointed (links): 213
Decisions from DB used in calculations 6611 + REMOVED DECISIONS 334 (6945) = total decisions from DB 3339 
calculated page rank in iteration 2 in 1 seconds
Time to insert nodes 0
Number of decisions in DB: 3339
Number of decisions been pointed (links): 197
Decisions from DB used in calculations 6566 + REMOVED DECISIONS 334 (6900) = total decisions from DB 3339 
calculated page rank in iteration 3 in 3020 seconds
Time to insert nodes 0
Number of decisions in DB: 3339
Number of decisions been pointed (links): 215
Decisions from DB used in calculations 6775 + REMOVED DECISIONS 334 (7109) = total decisions from DB 3339 
calculated page rank in iteration 4 in 2 seconds
Time to insert nodes 0
Number of decisions in DB: 3339
Number of decisions been pointed (links): 221
Decisions from DB used in calculations 6401 + REMOVED DECISIONS 334 (6735) = total decisions from DB 3339 
calculated page rank in iteration 5 in 3015 seconds
Time to insert nodes 0
Number of decisions in DB: 3339
Number of decisions been pointed (links): 185
Decisions from DB used in calculations 6518 + REMOVED DECISIONS 334 (6852) = total decisions from DB 3339 
calculated page rank in iteration 6 in 1667 seconds
Time to insert nodes 0
Number of decisions in DB: 3339
Number of decisions been pointed (links): 174
Decisions from DB used in calculations 6613 + REMOVED DECISIONS 334 (6947) = total decisions from DB 3339 
calculated page rank in iteration 7 in 5441 seconds
Time to insert nodes 0
Number of decisions in DB: 3339
Number of decisions been pointed (links): 210
Decisions from DB used in calculations 6693 + REMOVED DECISIONS 334 (7027) = total decisions from DB 3339 
calculated page rank in iteration 8 in 2845 seconds
Time to insert nodes 0
Number of decisions in DB: 3339
Number of decisions been pointed (links): 217
Decisions from DB used in calculations 6721 + REMOVED DECISIONS 334 (7055) = total decisions from DB 3339 
calculated page rank in iteration 9 in 1 seconds
Time to insert nodes 0
Number of decisions in DB: 3339
Number of decisions been pointed (links): 212
Decisions from DB used in calculations 6517 + REMOVED DECISIONS 334 (6851) = total decisions from DB 3339 
calculated page rank in iteration 10 in 3180 seconds
Time to insert nodes 0
Collection: stf_pr_1_acordaos_90_rel_9 

Number of decisions in DB: 3333
Number of decisions been pointed (links): 376
Decisions from DB used in calculations 10182 + REMOVED DECISIONS 0 (10182) = total decisions from DB 3333 
calculated page rank in iteration 1 in 2917 seconds
Time to insert nodes 0
Number of decisions in DB: 3333
Number of decisions been pointed (links): 344
Decisions from DB used in calculations 8869 + REMOVED DECISIONS 334 (9203) = total decisions from DB 3333 
calculated page rank in iteration 2 in 2219 seconds
Time to insert nodes 0
Number of decisions in DB: 3333
Number of decisions been pointed (links): 352
Decisions from DB used in calculations 9079 + REMOVED DECISIONS 334 (9413) = total decisions from DB 3333 
calculated page rank in iteration 3 in 2468 seconds
Time to insert nodes 0
Number of decisions in DB: 3333
Number of decisions been pointed (links): 338
Decisions from DB used in calculations 9019 + REMOVED DECISIONS 334 (9353) = total decisions from DB 3333 
calculated page rank in iteration 4 in 2677 seconds
Time to insert nodes 0
Number of decisions in DB: 3333
Number of decisions been pointed (links): 322
Decisions from DB used in calculations 9369 + REMOVED DECISIONS 334 (9703) = total decisions from DB 3333 
calculated page rank in iteration 5 in 2754 seconds
Time to insert nodes 0
Number of decisions in DB: 3333
Number of decisions been pointed (links): 338
Decisions from DB used in calculations 9553 + REMOVED DECISIONS 334 (9887) = total decisions from DB 3333 
calculated page rank in iteration 6 in 2591 seconds
Time to insert nodes 0
Number of decisions in DB: 3333
Number of decisions been pointed (links): 340
Decisions from DB used in calculations 9217 + REMOVED DECISIONS 334 (9551) = total decisions from DB 3333 
calculated page rank in iteration 7 in 2869 seconds
Time to insert nodes 0
Number of decisions in DB: 3333
Number of decisions been pointed (links): 304
Decisions from DB used in calculations 9275 + REMOVED DECISIONS 334 (9609) = total decisions from DB 3333 
calculated page rank in iteration 8 in 2686 seconds
Time to insert nodes 0
Number of decisions in DB: 3333
Number of decisions been pointed (links): 329
Decisions from DB used in calculations 9168 + REMOVED DECISIONS 334 (9502) = total decisions from DB 3333 
calculated page rank in iteration 9 in 2587 seconds
Time to insert nodes 0
Number of decisions in DB: 3333
Number of decisions been pointed (links): 319
Decisions from DB used in calculations 8877 + REMOVED DECISIONS 334 (9211) = total decisions from DB 3333 
calculated page rank in iteration 10 in 2449 seconds
Time to insert nodes 0
Collection: stf_pr_1_acordaos_90_rel_10 

Number of decisions in DB: 3196
Number of decisions been pointed (links): 297
Decisions from DB used in calculations 8758 + REMOVED DECISIONS 0 (8758) = total decisions from DB 3196 
calculated page rank in iteration 1 in 1 seconds
Time to insert nodes 0
Number of decisions in DB: 3196
Number of decisions been pointed (links): 246
Decisions from DB used in calculations 7565 + REMOVED DECISIONS 320 (7885) = total decisions from DB 3196 
calculated page rank in iteration 2 in 0 seconds
Time to insert nodes 0
Number of decisions in DB: 3196
Number of decisions been pointed (links): 236
Decisions from DB used in calculations 7857 + REMOVED DECISIONS 320 (8177) = total decisions from DB 3196 
calculated page rank in iteration 3 in 0 seconds
Time to insert nodes 0
Number of decisions in DB: 3196
Number of decisions been pointed (links): 240
Decisions from DB used in calculations 7704 + REMOVED DECISIONS 320 (8024) = total decisions from DB 3196 
calculated page rank in iteration 4 in 0 seconds
Time to insert nodes 0
Number of decisions in DB: 3196
Number of decisions been pointed (links): 249
Decisions from DB used in calculations 7820 + REMOVED DECISIONS 320 (8140) = total decisions from DB 3196 
calculated page rank in iteration 5 in 0 seconds
Time to insert nodes 0
Number of decisions in DB: 3196
Number of decisions been pointed (links): 231
Decisions from DB used in calculations 7744 + REMOVED DECISIONS 320 (8064) = total decisions from DB 3196 
calculated page rank in iteration 6 in 0 seconds
Time to insert nodes 0
Number of decisions in DB: 3196
Number of decisions been pointed (links): 269
Decisions from DB used in calculations 7738 + REMOVED DECISIONS 320 (8058) = total decisions from DB 3196 
calculated page rank in iteration 7 in 0 seconds
Time to insert nodes 0
Number of decisions in DB: 3196
Number of decisions been pointed (links): 215
Decisions from DB used in calculations 7650 + REMOVED DECISIONS 320 (7970) = total decisions from DB 3196 
calculated page rank in iteration 8 in 0 seconds
Time to insert nodes 0
Number of decisions in DB: 3196
Number of decisions been pointed (links): 267
Decisions from DB used in calculations 7812 + REMOVED DECISIONS 320 (8132) = total decisions from DB 3196 
calculated page rank in iteration 9 in 0 seconds
Time to insert nodes 0
Number of decisions in DB: 3196
Number of decisions been pointed (links): 237
Decisions from DB used in calculations 7863 + REMOVED DECISIONS 320 (8183) = total decisions from DB 3196 
calculated page rank in iteration 10 in 0 seconds
Time to insert nodes 0



Banco de dados: DJTest 
Principais relatores:
CÁRMEN LÚCIA
MARCO AURÉLIO
GILMAR MENDES
DIAS TOFFOLI
RICARDO LEWANDOWSKI
ELLEN GRACIE
LUIZ FUX
JOAQUIM BARBOSA
CEZAR PELUSO
EROS GRAU
Collection: stf_pr_2_acordaos_90_rel_1 

Number of decisions in DB: 7186
Number of decisions been pointed (links): 1394
Decisions from DB used in calculations 15575 + REMOVED DECISIONS 0 (15575) = total decisions from DB 7186 
calculated page rank in iteration 1 in 2 seconds
Time to insert nodes 0
Number of decisions in DB: 7186
Number of decisions been pointed (links): 1126
Decisions from DB used in calculations 14243 + REMOVED DECISIONS 719 (14962) = total decisions from DB 7186 
calculated page rank in iteration 2 in 2 seconds
Time to insert nodes 0
Number of decisions in DB: 7186
Number of decisions been pointed (links): 1151
Decisions from DB used in calculations 13901 + REMOVED DECISIONS 719 (14620) = total decisions from DB 7186 
calculated page rank in iteration 3 in 2 seconds
Time to insert nodes 0
Number of decisions in DB: 7186
Number of decisions been pointed (links): 1159
Decisions from DB used in calculations 14005 + REMOVED DECISIONS 719 (14724) = total decisions from DB 7186 
calculated page rank in iteration 4 in 1 seconds
Time to insert nodes 0
Number of decisions in DB: 7186
Number of decisions been pointed (links): 1219
Decisions from DB used in calculations 14079 + REMOVED DECISIONS 719 (14798) = total decisions from DB 7186 
calculated page rank in iteration 5 in 2 seconds
Time to insert nodes 0
Number of decisions in DB: 7186
Number of decisions been pointed (links): 1212
Decisions from DB used in calculations 14086 + REMOVED DECISIONS 719 (14805) = total decisions from DB 7186 
calculated page rank in iteration 6 in 1 seconds
Time to insert nodes 0
Number of decisions in DB: 7186
Number of decisions been pointed (links): 1186
Decisions from DB used in calculations 14009 + REMOVED DECISIONS 719 (14728) = total decisions from DB 7186 
calculated page rank in iteration 7 in 2 seconds
Time to insert nodes 0
Number of decisions in DB: 7186
Number of decisions been pointed (links): 1173
Decisions from DB used in calculations 14103 + REMOVED DECISIONS 719 (14822) = total decisions from DB 7186 
calculated page rank in iteration 8 in 2 seconds
Time to insert nodes 0
Number of decisions in DB: 7186
Number of decisions been pointed (links): 1127
Decisions from DB used in calculations 14059 + REMOVED DECISIONS 719 (14778) = total decisions from DB 7186 
calculated page rank in iteration 9 in 2 seconds
Time to insert nodes 0
Number of decisions in DB: 7186
Number of decisions been pointed (links): 1152
Decisions from DB used in calculations 14139 + REMOVED DECISIONS 719 (14858) = total decisions from DB 7186 
calculated page rank in iteration 10 in 2 seconds
Time to insert nodes 0
Collection: stf_pr_2_acordaos_90_rel_2 

Number of decisions in DB: 6227
Number of decisions been pointed (links): 1832
Decisions from DB used in calculations 5215 + REMOVED DECISIONS 0 (5215) = total decisions from DB 6227 
calculated page rank in iteration 1 in 5 seconds
Time to insert nodes 0
Number of decisions in DB: 6227
Number of decisions been pointed (links): 1571
Decisions from DB used in calculations 4710 + REMOVED DECISIONS 623 (5333) = total decisions from DB 6227 
calculated page rank in iteration 2 in 4 seconds
Time to insert nodes 0
Number of decisions in DB: 6227
Number of decisions been pointed (links): 1640
Decisions from DB used in calculations 4679 + REMOVED DECISIONS 623 (5302) = total decisions from DB 6227 
calculated page rank in iteration 3 in 5 seconds
Time to insert nodes 0
Number of decisions in DB: 6227
Number of decisions been pointed (links): 1580
Decisions from DB used in calculations 4608 + REMOVED DECISIONS 623 (5231) = total decisions from DB 6227 
calculated page rank in iteration 4 in 4 seconds
Time to insert nodes 0
Number of decisions in DB: 6227
Number of decisions been pointed (links): 1538
Decisions from DB used in calculations 4631 + REMOVED DECISIONS 623 (5254) = total decisions from DB 6227 
calculated page rank in iteration 5 in 4 seconds
Time to insert nodes 0
Number of decisions in DB: 6227
Number of decisions been pointed (links): 1644
Decisions from DB used in calculations 4659 + REMOVED DECISIONS 623 (5282) = total decisions from DB 6227 
calculated page rank in iteration 6 in 4 seconds
Time to insert nodes 0
Number of decisions in DB: 6227
Number of decisions been pointed (links): 1481
Decisions from DB used in calculations 4721 + REMOVED DECISIONS 623 (5344) = total decisions from DB 6227 
calculated page rank in iteration 7 in 1 seconds
Time to insert nodes 0
Number of decisions in DB: 6227
Number of decisions been pointed (links): 1628
Decisions from DB used in calculations 4669 + REMOVED DECISIONS 623 (5292) = total decisions from DB 6227 
calculated page rank in iteration 8 in 4 seconds
Time to insert nodes 0
Number of decisions in DB: 6227
Number of decisions been pointed (links): 1538
Decisions from DB used in calculations 4750 + REMOVED DECISIONS 623 (5373) = total decisions from DB 6227 
calculated page rank in iteration 9 in 4 seconds
Time to insert nodes 0
Number of decisions in DB: 6227
Number of decisions been pointed (links): 1652
Decisions from DB used in calculations 4608 + REMOVED DECISIONS 623 (5231) = total decisions from DB 6227 
calculated page rank in iteration 10 in 4 seconds
Time to insert nodes 0
Collection: stf_pr_2_acordaos_90_rel_3 

Number of decisions in DB: 5823
Number of decisions been pointed (links): 3088
Decisions from DB used in calculations 12193 + REMOVED DECISIONS 0 (12193) = total decisions from DB 5823 
calculated page rank in iteration 1 in 2 seconds
Time to insert nodes 0
Number of decisions in DB: 5823
Number of decisions been pointed (links): 2741
Decisions from DB used in calculations 11002 + REMOVED DECISIONS 583 (11585) = total decisions from DB 5823 
calculated page rank in iteration 2 in 2 seconds
Time to insert nodes 0
Number of decisions in DB: 5823
Number of decisions been pointed (links): 1169
Decisions from DB used in calculations 11036 + REMOVED DECISIONS 583 (11619) = total decisions from DB 5823 
calculated page rank in iteration 3 in 1 seconds
Time to insert nodes 0
Number of decisions in DB: 5823
Number of decisions been pointed (links): 2687
Decisions from DB used in calculations 10908 + REMOVED DECISIONS 583 (11491) = total decisions from DB 5823 
calculated page rank in iteration 4 in 1 seconds
Time to insert nodes 0
Number of decisions in DB: 5823
Number of decisions been pointed (links): 1150
Decisions from DB used in calculations 10822 + REMOVED DECISIONS 583 (11405) = total decisions from DB 5823 
calculated page rank in iteration 5 in 1 seconds
Time to insert nodes 0
Number of decisions in DB: 5823
Number of decisions been pointed (links): 2820
Decisions from DB used in calculations 11110 + REMOVED DECISIONS 583 (11693) = total decisions from DB 5823 
calculated page rank in iteration 6 in 1 seconds
Time to insert nodes 0
Number of decisions in DB: 5823
Number of decisions been pointed (links): 2390
Decisions from DB used in calculations 10839 + REMOVED DECISIONS 583 (11422) = total decisions from DB 5823 
calculated page rank in iteration 7 in 1 seconds
Time to insert nodes 0
Number of decisions in DB: 5823
Number of decisions been pointed (links): 2699
Decisions from DB used in calculations 10959 + REMOVED DECISIONS 583 (11542) = total decisions from DB 5823 
calculated page rank in iteration 8 in 1 seconds
Time to insert nodes 0
Number of decisions in DB: 5823
Number of decisions been pointed (links): 2691
Decisions from DB used in calculations 10927 + REMOVED DECISIONS 583 (11510) = total decisions from DB 5823 
calculated page rank in iteration 9 in 1055 seconds
Time to insert nodes 0
Number of decisions in DB: 5823
Number of decisions been pointed (links): 1058
Decisions from DB used in calculations 10826 + REMOVED DECISIONS 583 (11409) = total decisions from DB 5823 
calculated page rank in iteration 10 in 2 seconds
Time to insert nodes 0
Collection: stf_pr_2_acordaos_90_rel_4 

Number of decisions in DB: 5184
Number of decisions been pointed (links): 912
Decisions from DB used in calculations 9263 + REMOVED DECISIONS 0 (9263) = total decisions from DB 5184 
calculated page rank in iteration 1 in 1 seconds
Time to insert nodes 0
Number of decisions in DB: 5184
Number of decisions been pointed (links): 787
Decisions from DB used in calculations 8297 + REMOVED DECISIONS 519 (8816) = total decisions from DB 5184 
calculated page rank in iteration 2 in 1 seconds
Time to insert nodes 0
Number of decisions in DB: 5184
Number of decisions been pointed (links): 768
Decisions from DB used in calculations 8464 + REMOVED DECISIONS 519 (8983) = total decisions from DB 5184 
calculated page rank in iteration 3 in 1 seconds
Time to insert nodes 0
Number of decisions in DB: 5184
Number of decisions been pointed (links): 780
Decisions from DB used in calculations 8345 + REMOVED DECISIONS 519 (8864) = total decisions from DB 5184 
calculated page rank in iteration 4 in 1 seconds
Time to insert nodes 0
Number of decisions in DB: 5184
Number of decisions been pointed (links): 662
Decisions from DB used in calculations 8281 + REMOVED DECISIONS 519 (8800) = total decisions from DB 5184 
calculated page rank in iteration 5 in 1 seconds
Time to insert nodes 0
Number of decisions in DB: 5184
Number of decisions been pointed (links): 782
Decisions from DB used in calculations 8475 + REMOVED DECISIONS 519 (8994) = total decisions from DB 5184 
calculated page rank in iteration 6 in 1 seconds
Time to insert nodes 0
Number of decisions in DB: 5184
Number of decisions been pointed (links): 715
Decisions from DB used in calculations 8367 + REMOVED DECISIONS 519 (8886) = total decisions from DB 5184 
calculated page rank in iteration 7 in 1 seconds
Time to insert nodes 0
Number of decisions in DB: 5184
Number of decisions been pointed (links): 719
Decisions from DB used in calculations 8291 + REMOVED DECISIONS 519 (8810) = total decisions from DB 5184 
calculated page rank in iteration 8 in 1 seconds
Time to insert nodes 0
Number of decisions in DB: 5184
Number of decisions been pointed (links): 736
Decisions from DB used in calculations 8351 + REMOVED DECISIONS 519 (8870) = total decisions from DB 5184 
calculated page rank in iteration 9 in 1 seconds
Time to insert nodes 0
Number of decisions in DB: 5184
Number of decisions been pointed (links): 708
Decisions from DB used in calculations 8329 + REMOVED DECISIONS 519 (8848) = total decisions from DB 5184 
calculated page rank in iteration 10 in 1 seconds
Time to insert nodes 0
Collection: stf_pr_2_acordaos_90_rel_5 

Number of decisions in DB: 4842
Number of decisions been pointed (links): 875
Decisions from DB used in calculations 8767 + REMOVED DECISIONS 0 (8767) = total decisions from DB 4842 
calculated page rank in iteration 1 in 1 seconds
Time to insert nodes 0
Number of decisions in DB: 4842
Number of decisions been pointed (links): 711
Decisions from DB used in calculations 7934 + REMOVED DECISIONS 485 (8419) = total decisions from DB 4842 
calculated page rank in iteration 2 in 0 seconds
Time to insert nodes 0
Number of decisions in DB: 4842
Number of decisions been pointed (links): 689
Decisions from DB used in calculations 7897 + REMOVED DECISIONS 485 (8382) = total decisions from DB 4842 
calculated page rank in iteration 3 in 0 seconds
Time to insert nodes 0
Number of decisions in DB: 4842
Number of decisions been pointed (links): 698
Decisions from DB used in calculations 7861 + REMOVED DECISIONS 485 (8346) = total decisions from DB 4842 
calculated page rank in iteration 4 in 0 seconds
Time to insert nodes 0
Number of decisions in DB: 4842
Number of decisions been pointed (links): 732
Decisions from DB used in calculations 7898 + REMOVED DECISIONS 485 (8383) = total decisions from DB 4842 
calculated page rank in iteration 5 in 0 seconds
Time to insert nodes 0
Number of decisions in DB: 4842
Number of decisions been pointed (links): 751
Decisions from DB used in calculations 7733 + REMOVED DECISIONS 485 (8218) = total decisions from DB 4842 
calculated page rank in iteration 6 in 0 seconds
Time to insert nodes 0
Number of decisions in DB: 4842
Number of decisions been pointed (links): 706
Decisions from DB used in calculations 7991 + REMOVED DECISIONS 485 (8476) = total decisions from DB 4842 
calculated page rank in iteration 7 in 0 seconds
Time to insert nodes 0
Number of decisions in DB: 4842
Number of decisions been pointed (links): 745
Decisions from DB used in calculations 7778 + REMOVED DECISIONS 485 (8263) = total decisions from DB 4842 
calculated page rank in iteration 8 in 0 seconds
Time to insert nodes 0
Number of decisions in DB: 4842
Number of decisions been pointed (links): 761
Decisions from DB used in calculations 7942 + REMOVED DECISIONS 485 (8427) = total decisions from DB 4842 
calculated page rank in iteration 9 in 0 seconds
Time to insert nodes 0
Number of decisions in DB: 4842
Number of decisions been pointed (links): 620
Decisions from DB used in calculations 7934 + REMOVED DECISIONS 485 (8419) = total decisions from DB 4842 
calculated page rank in iteration 10 in 1 seconds
Time to insert nodes 0
Collection: stf_pr_2_acordaos_90_rel_6 

Number of decisions in DB: 4748
Number of decisions been pointed (links): 288
Decisions from DB used in calculations 10074 + REMOVED DECISIONS 0 (10074) = total decisions from DB 4748 
calculated page rank in iteration 1 in 1 seconds
Time to insert nodes 0
Number of decisions in DB: 4748
Number of decisions been pointed (links): 257
Decisions from DB used in calculations 8990 + REMOVED DECISIONS 475 (9465) = total decisions from DB 4748 
calculated page rank in iteration 2 in 1 seconds
Time to insert nodes 0
Number of decisions in DB: 4748
Number of decisions been pointed (links): 220
Decisions from DB used in calculations 8984 + REMOVED DECISIONS 475 (9459) = total decisions from DB 4748 
calculated page rank in iteration 3 in 1 seconds
Time to insert nodes 0
Number of decisions in DB: 4748
Number of decisions been pointed (links): 244
Decisions from DB used in calculations 9095 + REMOVED DECISIONS 475 (9570) = total decisions from DB 4748 
calculated page rank in iteration 4 in 1 seconds
Time to insert nodes 0
Number of decisions in DB: 4748
Number of decisions been pointed (links): 205
Decisions from DB used in calculations 8986 + REMOVED DECISIONS 475 (9461) = total decisions from DB 4748 
calculated page rank in iteration 5 in 0 seconds
Time to insert nodes 0
Number of decisions in DB: 4748
Number of decisions been pointed (links): 223
Decisions from DB used in calculations 8891 + REMOVED DECISIONS 475 (9366) = total decisions from DB 4748 
calculated page rank in iteration 6 in 1 seconds
Time to insert nodes 0
Number of decisions in DB: 4748
Number of decisions been pointed (links): 229
Decisions from DB used in calculations 8830 + REMOVED DECISIONS 475 (9305) = total decisions from DB 4748 
calculated page rank in iteration 7 in 0 seconds
Time to insert nodes 0
Number of decisions in DB: 4748
Number of decisions been pointed (links): 223
Decisions from DB used in calculations 9054 + REMOVED DECISIONS 475 (9529) = total decisions from DB 4748 
calculated page rank in iteration 8 in 1 seconds
Time to insert nodes 0
Number of decisions in DB: 4748
Number of decisions been pointed (links): 235
Decisions from DB used in calculations 8886 + REMOVED DECISIONS 475 (9361) = total decisions from DB 4748 
calculated page rank in iteration 9 in 1 seconds
Time to insert nodes 0
Number of decisions in DB: 4748
Number of decisions been pointed (links): 213
Decisions from DB used in calculations 9220 + REMOVED DECISIONS 475 (9695) = total decisions from DB 4748 
calculated page rank in iteration 10 in 1 seconds
Time to insert nodes 0
Collection: stf_pr_2_acordaos_90_rel_7 

Number of decisions in DB: 3425
Number of decisions been pointed (links): 411
Decisions from DB used in calculations 5911 + REMOVED DECISIONS 0 (5911) = total decisions from DB 3425 
calculated page rank in iteration 1 in 1628 seconds
Time to insert nodes 0
Number of decisions in DB: 3425
Number of decisions been pointed (links): 314
Decisions from DB used in calculations 5305 + REMOVED DECISIONS 343 (5648) = total decisions from DB 3425 
calculated page rank in iteration 2 in 1547 seconds
Time to insert nodes 0
Number of decisions in DB: 3425
Number of decisions been pointed (links): 329
Decisions from DB used in calculations 5385 + REMOVED DECISIONS 343 (5728) = total decisions from DB 3425 
calculated page rank in iteration 3 in 1388 seconds
Time to insert nodes 0
Number of decisions in DB: 3425
Number of decisions been pointed (links): 330
Decisions from DB used in calculations 5366 + REMOVED DECISIONS 343 (5709) = total decisions from DB 3425 
calculated page rank in iteration 4 in 0 seconds
Time to insert nodes 0
Number of decisions in DB: 3425
Number of decisions been pointed (links): 328
Decisions from DB used in calculations 5281 + REMOVED DECISIONS 343 (5624) = total decisions from DB 3425 
calculated page rank in iteration 5 in 0 seconds
Time to insert nodes 0
Number of decisions in DB: 3425
Number of decisions been pointed (links): 284
Decisions from DB used in calculations 5404 + REMOVED DECISIONS 343 (5747) = total decisions from DB 3425 
calculated page rank in iteration 6 in 1251 seconds
Time to insert nodes 0
Number of decisions in DB: 3425
Number of decisions been pointed (links): 326
Decisions from DB used in calculations 5293 + REMOVED DECISIONS 343 (5636) = total decisions from DB 3425 
calculated page rank in iteration 7 in 0 seconds
Time to insert nodes 0
Number of decisions in DB: 3425
Number of decisions been pointed (links): 323
Decisions from DB used in calculations 5302 + REMOVED DECISIONS 343 (5645) = total decisions from DB 3425 
calculated page rank in iteration 8 in 0 seconds
Time to insert nodes 0
Number of decisions in DB: 3425
Number of decisions been pointed (links): 359
Decisions from DB used in calculations 5280 + REMOVED DECISIONS 343 (5623) = total decisions from DB 3425 
calculated page rank in iteration 9 in 1190 seconds
Time to insert nodes 0
Number of decisions in DB: 3425
Number of decisions been pointed (links): 314
Decisions from DB used in calculations 5386 + REMOVED DECISIONS 343 (5729) = total decisions from DB 3425 
calculated page rank in iteration 10 in 1783 seconds
Time to insert nodes 0
Collection: stf_pr_2_acordaos_90_rel_8 

Number of decisions in DB: 3339
Number of decisions been pointed (links): 248
Decisions from DB used in calculations 7376 + REMOVED DECISIONS 0 (7376) = total decisions from DB 3339 
calculated page rank in iteration 1 in 3279 seconds
Time to insert nodes 0
Number of decisions in DB: 3339
Number of decisions been pointed (links): 180
Decisions from DB used in calculations 6718 + REMOVED DECISIONS 334 (7052) = total decisions from DB 3339 
calculated page rank in iteration 2 in 2518 seconds
Time to insert nodes 0
Number of decisions in DB: 3339
Number of decisions been pointed (links): 208
Decisions from DB used in calculations 6591 + REMOVED DECISIONS 334 (6925) = total decisions from DB 3339 
calculated page rank in iteration 3 in 2820 seconds
Time to insert nodes 0
Number of decisions in DB: 3339
Number of decisions been pointed (links): 203
Decisions from DB used in calculations 6696 + REMOVED DECISIONS 334 (7030) = total decisions from DB 3339 
calculated page rank in iteration 4 in 2644 seconds
Time to insert nodes 0
Number of decisions in DB: 3339
Number of decisions been pointed (links): 207
Decisions from DB used in calculations 6490 + REMOVED DECISIONS 334 (6824) = total decisions from DB 3339 
calculated page rank in iteration 5 in 2728 seconds
Time to insert nodes 0
Number of decisions in DB: 3339
Number of decisions been pointed (links): 218
Decisions from DB used in calculations 6505 + REMOVED DECISIONS 334 (6839) = total decisions from DB 3339 
calculated page rank in iteration 6 in 3134 seconds
Time to insert nodes 0
Number of decisions in DB: 3339
Number of decisions been pointed (links): 191
Decisions from DB used in calculations 6575 + REMOVED DECISIONS 334 (6909) = total decisions from DB 3339 
calculated page rank in iteration 7 in 1728 seconds
Time to insert nodes 0
Number of decisions in DB: 3339
Number of decisions been pointed (links): 201
Decisions from DB used in calculations 6784 + REMOVED DECISIONS 334 (7118) = total decisions from DB 3339 
calculated page rank in iteration 8 in 1 seconds
Time to insert nodes 0
Number of decisions in DB: 3339
Number of decisions been pointed (links): 189
Decisions from DB used in calculations 6468 + REMOVED DECISIONS 334 (6802) = total decisions from DB 3339 
calculated page rank in iteration 9 in 2759 seconds
Time to insert nodes 0
Number of decisions in DB: 3339
Number of decisions been pointed (links): 206
Decisions from DB used in calculations 6600 + REMOVED DECISIONS 334 (6934) = total decisions from DB 3339 
calculated page rank in iteration 10 in 2504 seconds
Time to insert nodes 0
Collection: stf_pr_2_acordaos_90_rel_9 

Number of decisions in DB: 3333
Number of decisions been pointed (links): 376
Decisions from DB used in calculations 10182 + REMOVED DECISIONS 0 (10182) = total decisions from DB 3333 
calculated page rank in iteration 1 in 2900 seconds
Time to insert nodes 0
Number of decisions in DB: 3333
Number of decisions been pointed (links): 282
Decisions from DB used in calculations 9203 + REMOVED DECISIONS 334 (9537) = total decisions from DB 3333 
calculated page rank in iteration 2 in 2767 seconds
Time to insert nodes 0
Number of decisions in DB: 3333
Number of decisions been pointed (links): 310
Decisions from DB used in calculations 9014 + REMOVED DECISIONS 334 (9348) = total decisions from DB 3333 
calculated page rank in iteration 3 in 2686 seconds
Time to insert nodes 0
Number of decisions in DB: 3333
Number of decisions been pointed (links): 327
Decisions from DB used in calculations 8997 + REMOVED DECISIONS 334 (9331) = total decisions from DB 3333 
calculated page rank in iteration 4 in 3029 seconds
Time to insert nodes 0
Number of decisions in DB: 3333
Number of decisions been pointed (links): 337
Decisions from DB used in calculations 9266 + REMOVED DECISIONS 334 (9600) = total decisions from DB 3333 
calculated page rank in iteration 5 in 4569 seconds
Time to insert nodes 0
Number of decisions in DB: 3333
Number of decisions been pointed (links): 328
Decisions from DB used in calculations 9046 + REMOVED DECISIONS 334 (9380) = total decisions from DB 3333 
calculated page rank in iteration 6 in 2289 seconds
Time to insert nodes 0
Number of decisions in DB: 3333
Number of decisions been pointed (links): 337
Decisions from DB used in calculations 8956 + REMOVED DECISIONS 334 (9290) = total decisions from DB 3333 
calculated page rank in iteration 7 in 2328 seconds
Time to insert nodes 0
Number of decisions in DB: 3333
Number of decisions been pointed (links): 356
Decisions from DB used in calculations 9158 + REMOVED DECISIONS 334 (9492) = total decisions from DB 3333 
calculated page rank in iteration 8 in 2733 seconds
Time to insert nodes 0
Number of decisions in DB: 3333
Number of decisions been pointed (links): 330
Decisions from DB used in calculations 9191 + REMOVED DECISIONS 334 (9525) = total decisions from DB 3333 
calculated page rank in iteration 9 in 6585 seconds
Time to insert nodes 0
Number of decisions in DB: 3333
Number of decisions been pointed (links): 337
Decisions from DB used in calculations 9033 + REMOVED DECISIONS 334 (9367) = total decisions from DB 3333 
calculated page rank in iteration 10 in 2701 seconds
Time to insert nodes 0
Collection: stf_pr_2_acordaos_90_rel_10 

Number of decisions in DB: 3196
Number of decisions been pointed (links): 297
Decisions from DB used in calculations 8758 + REMOVED DECISIONS 0 (8758) = total decisions from DB 3196 
calculated page rank in iteration 1 in 0 seconds
Time to insert nodes 0
Number of decisions in DB: 3196
Number of decisions been pointed (links): 241
Decisions from DB used in calculations 7823 + REMOVED DECISIONS 320 (8143) = total decisions from DB 3196 
calculated page rank in iteration 2 in 0 seconds
Time to insert nodes 0
Number of decisions in DB: 3196
Number of decisions been pointed (links): 257
Decisions from DB used in calculations 7988 + REMOVED DECISIONS 320 (8308) = total decisions from DB 3196 
calculated page rank in iteration 3 in 0 seconds
Time to insert nodes 0
Number of decisions in DB: 3196
Number of decisions been pointed (links): 253
Decisions from DB used in calculations 7950 + REMOVED DECISIONS 320 (8270) = total decisions from DB 3196 
calculated page rank in iteration 4 in 0 seconds
Time to insert nodes 0
Number of decisions in DB: 3196
Number of decisions been pointed (links): 226
Decisions from DB used in calculations 7908 + REMOVED DECISIONS 320 (8228) = total decisions from DB 3196 
calculated page rank in iteration 5 in 0 seconds
Time to insert nodes 0
Number of decisions in DB: 3196
Number of decisions been pointed (links): 223
Decisions from DB used in calculations 8041 + REMOVED DECISIONS 320 (8361) = total decisions from DB 3196 
calculated page rank in iteration 6 in 0 seconds
Time to insert nodes 0
Number of decisions in DB: 3196
Number of decisions been pointed (links): 268
Decisions from DB used in calculations 7823 + REMOVED DECISIONS 320 (8143) = total decisions from DB 3196 
calculated page rank in iteration 7 in 0 seconds
Time to insert nodes 0
Number of decisions in DB: 3196
Number of decisions been pointed (links): 258
Decisions from DB used in calculations 8026 + REMOVED DECISIONS 320 (8346) = total decisions from DB 3196 
calculated page rank in iteration 8 in 0 seconds
Time to insert nodes 0
Number of decisions in DB: 3196
Number of decisions been pointed (links): 235
Decisions from DB used in calculations 7999 + REMOVED DECISIONS 320 (8319) = total decisions from DB 3196 
calculated page rank in iteration 9 in 0 seconds
Time to insert nodes 0
Number of decisions in DB: 3196
Number of decisions been pointed (links): 226
Decisions from DB used in calculations 7903 + REMOVED DECISIONS 320 (8223) = total decisions from DB 3196 
calculated page rank in iteration 10 in 0 seconds
Time to insert nodes 0
